<?xml version="1.0" encoding="UTF-8"?>
<!-- Generated by org.testng.reporters.JUnitReportReporter -->
<testsuite hostname="Kartikeya-PC" failures="0" tests="2" name="google.ErrorValidationTest" time="9.641" errors="0" timestamp="2025-02-22T17:38:55 IST" skipped="0">
  <testcase classname="google.ErrorValidationTest" name="incorrectCredentials" time="5.601"/>
  <system-out/>
  <testcase classname="google.ErrorValidationTest" name="incorrectUsername" time="4.040"/>
  <system-out/>
</testsuite> <!-- google.ErrorValidationTest -->
