<?xml version="1.0" encoding="UTF-8"?>
<!-- Generated by org.testng.reporters.JUnitReportReporter -->
<testsuite hostname="Kartikeya-PC" failures="0" tests="4" name="google.StandAloneSmokeTest" time="20.934" errors="0" timestamp="2025-02-22T17:38:55 IST" skipped="0">
  <testcase classname="google.StandAloneSmokeTest" name="submitOrder" time="5.098"/>
  <system-out/>
  <testcase classname="google.StandAloneSmokeTest" name="OrderSequenceValidation" time="3.458"/>
  <system-out/>
  <testcase classname="google.StandAloneSmokeTest" name="submitOrder" time="7.948"/>
  <system-out/>
  <testcase classname="google.StandAloneSmokeTest" name="OrderSequenceValidation" time="4.430"/>
  <system-out/>
</testsuite> <!-- google.StandAloneSmokeTest -->
