<?xml version="1.0" encoding="UTF-8"?>
<!-- Generated by org.testng.reporters.JUnitReportReporter -->
<testsuite hostname="Kartikeya-PC" failures="0" tests="1" name="google.ErrorValidation" time="3.740" errors="0" timestamp="2025-02-11T12:53:28 IST" skipped="0">
  <testcase classname="google.ErrorValidation" name="submitOrder" time="3.740"/>
  <system-out/>
</testsuite> <!-- google.ErrorValidation -->
