<?xml version="1.0" encoding="UTF-8"?>
<!-- Generated by org.testng.reporters.JUnitReportReporter -->
<testsuite hostname="Kartikeya-PC" failures="0" tests="4" name="google.StandAloneSmokeTest" time="21.666" errors="0" timestamp="2025-02-21T19:00:59 IST" skipped="0">
  <testcase classname="google.StandAloneSmokeTest" name="submitOrder" time="6.355"/>
  <testcase classname="google.StandAloneSmokeTest" name="OrderSequenceValidation" time="3.868"/>
  <testcase classname="google.StandAloneSmokeTest" name="OrderSequenceValidation" time="2.584"/>
  <testcase classname="google.StandAloneSmokeTest" name="submitOrder" time="8.859"/>
</testsuite> <!-- google.StandAloneSmokeTest -->
