<?xml version="1.0" encoding="UTF-8"?>
<!-- Generated by org.testng.reporters.JUnitReportReporter -->
<testsuite hostname="Kartikeya-PC" failures="0" tests="1" name="google.ErrorValidationTest" time="6.346" errors="0" timestamp="2025-02-21T20:15:35 IST" skipped="0">
  <testcase classname="google.ErrorValidationTest" name="incorrectCredentials" time="6.346"/>
</testsuite> <!-- google.ErrorValidationTest -->
